[2024-07-09T09:15:58.403284+00:00] main.CRITICAL: Exception: Warning: foreach() argument must be of type array|object, null given in /var/www/html/vendor/magento/module-eav/Model/Config.php on line 384 in /var/www/html/vendor/magento/framework/App/ErrorHandler.php:62
Stack trace:
#0 /var/www/html/vendor/magento/module-eav/Model/Config.php(384): Magento\Framework\App\ErrorHandler->handler(2, 'foreach() argum...', '/var/www/html/v...', 384)
#1 /var/www/html/vendor/magento/module-eav/Model/Config.php(431): Magento\Eav\Model\Config->_initEntityTypes()
#2 /var/www/html/vendor/magento/module-eav/Model/Config.php(544): Magento\Eav\Model\Config->getEntityType('catalog_product')
#3 /var/www/html/vendor/magento/module-catalog-rule/Model/Indexer/RuleProductsSelectBuilder.php(114): Magento\Eav\Model\Config->getAttribute('catalog_product', 'price')
#4 /var/www/html/vendor/magento/module-catalog-rule/Model/Indexer/ReindexRuleProductPrice.php(88): Magento\CatalogRule\Model\Indexer\RuleProductsSelectBuilder->build(1, NULL, true)
#5 /var/www/html/vendor/magento/module-catalog-rule/Model/Indexer/IndexBuilder.php(358): Magento\CatalogRule\Model\Indexer\ReindexRuleProductPrice->execute(1000, NULL, true)
#6 /var/www/html/vendor/magento/module-catalog-rule/Model/Indexer/IndexBuilder.php(338): Magento\CatalogRule\Model\Indexer\IndexBuilder->doReindexFull()
#7 /var/www/html/vendor/magento/module-catalog-rule/Model/Indexer/AbstractIndexer.php(70): Magento\CatalogRule\Model\Indexer\IndexBuilder->reindexFull()
#8 /var/www/html/vendor/magento/framework/Interception/Interceptor.php(58): Magento\CatalogRule\Model\Indexer\AbstractIndexer->executeFull()
#9 /var/www/html/vendor/magento/framework/Interception/Interceptor.php(138): Magento\CatalogRule\Model\Indexer\Rule\RuleProductIndexer\Interceptor->___callParent('executeFull', Array)
#10 /var/www/html/vendor/magento/framework/Interception/Interceptor.php(153): Magento\CatalogRule\Model\Indexer\Rule\RuleProductIndexer\Interceptor->Magento\Framework\Interception\{closure}()
#11 /var/www/html/generated/code/Magento/CatalogRule/Model/Indexer/Rule/RuleProductIndexer/Interceptor.php(32): Magento\CatalogRule\Model\Indexer\Rule\RuleProductIndexer\Interceptor->___callPlugins('executeFull', Array, Array)
#12 /var/www/html/vendor/magento/module-indexer/Model/Indexer.php(443): Magento\CatalogRule\Model\Indexer\Rule\RuleProductIndexer\Interceptor->executeFull()
#13 /var/www/html/vendor/magento/module-indexer/Model/Indexer/DependencyDecorator.php(268): Magento\Indexer\Model\Indexer->reindexAll()
#14 /var/www/html/vendor/magento/module-indexer/Console/Command/IndexerReindexCommand.php(110): Magento\Indexer\Model\Indexer\DependencyDecorator->reindexAll()
#15 /var/www/html/vendor/symfony/console/Command/Command.php(298): Magento\Indexer\Console\Command\IndexerReindexCommand->execute(Object(Symfony\Component\Console\Input\ArgvInput), Object(Symfony\Component\Console\Output\ConsoleOutput))
#16 /var/www/html/vendor/magento/framework/Interception/Interceptor.php(58): Symfony\Component\Console\Command\Command->run(Object(Symfony\Component\Console\Input\ArgvInput), Object(Symfony\Component\Console\Output\ConsoleOutput))
#17 /var/www/html/vendor/magento/framework/Interception/Interceptor.php(138): Magento\Indexer\Console\Command\IndexerReindexCommand\Interceptor->___callParent('run', Array)
#18 /var/www/html/vendor/magento/framework/Interception/Interceptor.php(153): Magento\Indexer\Console\Command\IndexerReindexCommand\Interceptor->Magento\Framework\Interception\{closure}(Object(Symfony\Component\Console\Input\ArgvInput), Object(Symfony\Component\Console\Output\ConsoleOutput))
#19 /var/www/html/generated/code/Magento/Indexer/Console/Command/IndexerReindexCommand/Interceptor.php(86): Magento\Indexer\Console\Command\IndexerReindexCommand\Interceptor->___callPlugins('run', Array, Array)
#20 /var/www/html/vendor/symfony/console/Application.php(1040): Magento\Indexer\Console\Command\IndexerReindexCommand\Interceptor->run(Object(Symfony\Component\Console\Input\ArgvInput), Object(Symfony\Component\Console\Output\ConsoleOutput))
#21 /var/www/html/vendor/symfony/console/Application.php(301): Symfony\Component\Console\Application->doRunCommand(Object(Magento\Indexer\Console\Command\IndexerReindexCommand\Interceptor), Object(Symfony\Component\Console\Input\ArgvInput), Object(Symfony\Component\Console\Output\ConsoleOutput))
#22 /var/www/html/vendor/magento/framework/Console/Cli.php(116): Symfony\Component\Console\Application->doRun(Object(Symfony\Component\Console\Input\ArgvInput), Object(Symfony\Component\Console\Output\ConsoleOutput))
#23 /var/www/html/vendor/symfony/console/Application.php(171): Magento\Framework\Console\Cli->doRun(Object(Symfony\Component\Console\Input\ArgvInput), Object(Symfony\Component\Console\Output\ConsoleOutput))
#24 /var/www/html/bin/magento(23): Symfony\Component\Console\Application->run()
#25 {main} {"exception":"[object] (Exception(code: 0): Warning: foreach() argument must be of type array|object, null given in /var/www/html/vendor/magento/module-eav/Model/Config.php on line 384 at /var/www/html/vendor/magento/framework/App/ErrorHandler.php:62)"} []
[2024-07-09T09:15:58.657108+00:00] main.CRITICAL: Exception: Warning: foreach() argument must be of type array|object, null given in /var/www/html/vendor/magento/module-eav/Model/Config.php on line 384 in /var/www/html/vendor/magento/framework/App/ErrorHandler.php:62
Stack trace:
#0 /var/www/html/vendor/magento/module-eav/Model/Config.php(384): Magento\Framework\App\ErrorHandler->handler(2, 'foreach() argum...', '/var/www/html/v...', 384)
#1 /var/www/html/vendor/magento/module-eav/Model/Config.php(431): Magento\Eav\Model\Config->_initEntityTypes()
#2 /var/www/html/vendor/magento/module-eav/Model/Config.php(544): Magento\Eav\Model\Config->getEntityType('catalog_product')
#3 /var/www/html/vendor/magento/module-catalog-rule/Model/Indexer/RuleProductsSelectBuilder.php(114): Magento\Eav\Model\Config->getAttribute('catalog_product', 'price')
#4 /var/www/html/vendor/magento/module-catalog-rule/Model/Indexer/ReindexRuleProductPrice.php(88): Magento\CatalogRule\Model\Indexer\RuleProductsSelectBuilder->build(1, NULL, true)
#5 /var/www/html/vendor/magento/module-catalog-rule/Model/Indexer/IndexBuilder.php(358): Magento\CatalogRule\Model\Indexer\ReindexRuleProductPrice->execute(1000, NULL, true)
#6 /var/www/html/vendor/magento/module-catalog-rule/Model/Indexer/IndexBuilder.php(338): Magento\CatalogRule\Model\Indexer\IndexBuilder->doReindexFull()
#7 /var/www/html/vendor/magento/module-catalog-rule/Model/Indexer/AbstractIndexer.php(70): Magento\CatalogRule\Model\Indexer\IndexBuilder->reindexFull()
#8 /var/www/html/vendor/magento/framework/Interception/Interceptor.php(58): Magento\CatalogRule\Model\Indexer\AbstractIndexer->executeFull()
#9 /var/www/html/vendor/magento/framework/Interception/Interceptor.php(138): Magento\CatalogRule\Model\Indexer\Product\ProductRuleIndexer\Interceptor->___callParent('executeFull', Array)
#10 /var/www/html/vendor/magento/framework/Interception/Interceptor.php(153): Magento\CatalogRule\Model\Indexer\Product\ProductRuleIndexer\Interceptor->Magento\Framework\Interception\{closure}()
#11 /var/www/html/generated/code/Magento/CatalogRule/Model/Indexer/Product/ProductRuleIndexer/Interceptor.php(32): Magento\CatalogRule\Model\Indexer\Product\ProductRuleIndexer\Interceptor->___callPlugins('executeFull', Array, Array)
#12 /var/www/html/vendor/magento/module-indexer/Model/Indexer.php(443): Magento\CatalogRule\Model\Indexer\Product\ProductRuleIndexer\Interceptor->executeFull()
#13 /var/www/html/vendor/magento/module-indexer/Model/Indexer/DependencyDecorator.php(268): Magento\Indexer\Model\Indexer->reindexAll()
#14 /var/www/html/vendor/magento/module-indexer/Console/Command/IndexerReindexCommand.php(110): Magento\Indexer\Model\Indexer\DependencyDecorator->reindexAll()
#15 /var/www/html/vendor/symfony/console/Command/Command.php(298): Magento\Indexer\Console\Command\IndexerReindexCommand->execute(Object(Symfony\Component\Console\Input\ArgvInput), Object(Symfony\Component\Console\Output\ConsoleOutput))
#16 /var/www/html/vendor/magento/framework/Interception/Interceptor.php(58): Symfony\Component\Console\Command\Command->run(Object(Symfony\Component\Console\Input\ArgvInput), Object(Symfony\Component\Console\Output\ConsoleOutput))
#17 /var/www/html/vendor/magento/framework/Interception/Interceptor.php(138): Magento\Indexer\Console\Command\IndexerReindexCommand\Interceptor->___callParent('run', Array)
#18 /var/www/html/vendor/magento/framework/Interception/Interceptor.php(153): Magento\Indexer\Console\Command\IndexerReindexCommand\Interceptor->Magento\Framework\Interception\{closure}(Object(Symfony\Component\Console\Input\ArgvInput), Object(Symfony\Component\Console\Output\ConsoleOutput))
#19 /var/www/html/generated/code/Magento/Indexer/Console/Command/IndexerReindexCommand/Interceptor.php(86): Magento\Indexer\Console\Command\IndexerReindexCommand\Interceptor->___callPlugins('run', Array, Array)
#20 /var/www/html/vendor/symfony/console/Application.php(1040): Magento\Indexer\Console\Command\IndexerReindexCommand\Interceptor->run(Object(Symfony\Component\Console\Input\ArgvInput), Object(Symfony\Component\Console\Output\ConsoleOutput))
#21 /var/www/html/vendor/symfony/console/Application.php(301): Symfony\Component\Console\Application->doRunCommand(Object(Magento\Indexer\Console\Command\IndexerReindexCommand\Interceptor), Object(Symfony\Component\Console\Input\ArgvInput), Object(Symfony\Component\Console\Output\ConsoleOutput))
#22 /var/www/html/vendor/magento/framework/Console/Cli.php(116): Symfony\Component\Console\Application->doRun(Object(Symfony\Component\Console\Input\ArgvInput), Object(Symfony\Component\Console\Output\ConsoleOutput))
#23 /var/www/html/vendor/symfony/console/Application.php(171): Magento\Framework\Console\Cli->doRun(Object(Symfony\Component\Console\Input\ArgvInput), Object(Symfony\Component\Console\Output\ConsoleOutput))
#24 /var/www/html/bin/magento(23): Symfony\Component\Console\Application->run()
#25 {main} {"exception":"[object] (Exception(code: 0): Warning: foreach() argument must be of type array|object, null given in /var/www/html/vendor/magento/module-eav/Model/Config.php on line 384 at /var/www/html/vendor/magento/framework/App/ErrorHandler.php:62)"} []
